<?xml version="1.0" encoding="utf-8"?><testsuites name="pytest tests"><testsuite name="pytest" errors="0" failures="0" skipped="0" tests="36" time="8.992" timestamp="2026-06-12T11:56:08.813871+00:00" hostname="agent-env-9db1f6cf-40a3-461a-9a98-fdac25d14c87"><testcase classname="tests.test_new_features.TestDuplicateInvoice" name="test_duplicate_creates_new_draft_with_new_number_and_dates" time="1.524" /><testcase classname="tests.test_new_features.TestDuplicateInvoice" name="test_duplicate_nonexistent_returns_404" time="0.141" /><testcase classname="tests.test_new_features.TestDuplicateInvoice" name="test_duplicate_cross_tenant_404" time="0.189" /><testcase classname="tests.test_new_features.TestDuplicateInvoice" name="test_duplicate_requires_auth" time="0.133" /><testcase classname="tests.test_new_features.TestPaymentLink" name="test_payment_link_nonexistent_invoice_returns_404" time="0.151" /><testcase classname="tests.test_new_features.TestPaymentLink" name="test_payment_link_requires_auth" time="0.096" /><testcase classname="tests.test_new_features.TestPaymentLink" name="test_payment_link_cross_tenant_404" time="0.143" /><testcase classname="tests.test_new_features.TestPaymentLink" name="test_payment_link_zero_total_returns_400" time="0.150" /><testcase classname="tests.test_new_features.TestPaymentLink" name="test_payment_link_creation_or_graceful_502" time="1.215" /><testcase classname="tests.test_new_features.TestMidtransNotification" name="test_invalid_signature_returns_400" time="0.138" /><testcase classname="tests.test_new_features.TestMidtransNotification" name="test_settlement_flips_invoice_to_paid" time="0.235" /><testcase classname="tests.test_new_features.TestMidtransNotification" name="test_unknown_order_returns_ok" time="0.097" /><testcase classname="tests.test_new_features.TestMidtransNotification" name="test_cancel_reverts_to_sent" time="0.236" /><testcase classname="tests.test_new_features.TestInvoiceSchemaNewFields" name="test_new_fields_present_with_defaults_on_create" time="0.145" /><testcase classname="tests.test_new_features.TestInvoiceSchemaNewFields" name="test_new_fields_present_in_list" time="0.152" /><testcase classname="tests.test_faktur_api" name="test_root_returns_200" time="0.096" /><testcase classname="tests.test_faktur_api" name="test_auth_me_no_token_returns_401" time="0.105" /><testcase classname="tests.test_faktur_api" name="test_auth_me_invalid_token_returns_401" time="0.099" /><testcase classname="tests.test_faktur_api" name="test_auth_me_malformed_header_returns_401" time="0.126" /><testcase classname="tests.test_faktur_api" name="test_auth_me_with_valid_seeded_token" time="0.121" /><testcase classname="tests.test_faktur_api" name="test_protected_endpoints_reject_missing_token" time="0.367" /><testcase classname="tests.test_faktur_api" name="test_business_profile_default_empty" time="0.099" /><testcase classname="tests.test_faktur_api" name="test_business_profile_put_idempotent" time="0.193" /><testcase classname="tests.test_faktur_api" name="test_clients_crud" time="0.302" /><testcase classname="tests.test_faktur_api" name="test_update_nonexistent_client_returns_404" time="0.152" /><testcase classname="tests.test_faktur_api" name="test_next_number_format_and_increment" time="0.219" /><testcase classname="tests.test_faktur_api" name="test_invoice_create_computes_totals" time="0.184" /><testcase classname="tests.test_faktur_api" name="test_invoice_no_ppn" time="0.099" /><testcase classname="tests.test_faktur_api" name="test_invoice_update_recomputes" time="0.147" /><testcase classname="tests.test_faktur_api" name="test_invoice_patch_status" time="0.315" /><testcase classname="tests.test_faktur_api" name="test_invoice_delete" time="0.204" /><testcase classname="tests.test_faktur_api" name="test_invoice_auto_overdue" time="0.189" /><testcase classname="tests.test_faktur_api" name="test_invoice_with_client_snapshot" time="0.138" /><testcase classname="tests.test_faktur_api" name="test_user_b_cannot_see_user_a_clients" time="0.315" /><testcase classname="tests.test_faktur_api" name="test_user_b_cannot_access_user_a_invoice" time="0.321" /><testcase classname="tests.test_faktur_api" name="test_no_objectid_leakage_in_any_response" time="0.381" /></testsuite></testsuites>