<?xml version="1.0" encoding="utf-8"?><testsuites name="pytest tests"><testsuite name="pytest" errors="0" failures="0" skipped="0" tests="21" time="4.573" timestamp="2026-06-12T04:18:08.944166+00:00" hostname="agent-env-9db1f6cf-40a3-461a-9a98-fdac25d14c87"><testcase classname="backend.tests.test_faktur_api" name="test_root_returns_200" time="0.277" /><testcase classname="backend.tests.test_faktur_api" name="test_auth_me_no_token_returns_401" time="0.137" /><testcase classname="backend.tests.test_faktur_api" name="test_auth_me_invalid_token_returns_401" time="0.118" /><testcase classname="backend.tests.test_faktur_api" name="test_auth_me_malformed_header_returns_401" time="0.110" /><testcase classname="backend.tests.test_faktur_api" name="test_auth_me_with_valid_seeded_token" time="0.101" /><testcase classname="backend.tests.test_faktur_api" name="test_protected_endpoints_reject_missing_token" time="0.398" /><testcase classname="backend.tests.test_faktur_api" name="test_business_profile_default_empty" time="0.110" /><testcase classname="backend.tests.test_faktur_api" name="test_business_profile_put_idempotent" time="0.271" /><testcase classname="backend.tests.test_faktur_api" name="test_clients_crud" time="0.274" /><testcase classname="backend.tests.test_faktur_api" name="test_update_nonexistent_client_returns_404" time="0.099" /><testcase classname="backend.tests.test_faktur_api" name="test_next_number_format_and_increment" time="0.228" /><testcase classname="backend.tests.test_faktur_api" name="test_invoice_create_computes_totals" time="0.233" /><testcase classname="backend.tests.test_faktur_api" name="test_invoice_no_ppn" time="0.110" /><testcase classname="backend.tests.test_faktur_api" name="test_invoice_update_recomputes" time="0.148" /><testcase classname="backend.tests.test_faktur_api" name="test_invoice_patch_status" time="0.244" /><testcase classname="backend.tests.test_faktur_api" name="test_invoice_delete" time="0.200" /><testcase classname="backend.tests.test_faktur_api" name="test_invoice_auto_overdue" time="0.246" /><testcase classname="backend.tests.test_faktur_api" name="test_invoice_with_client_snapshot" time="0.148" /><testcase classname="backend.tests.test_faktur_api" name="test_user_b_cannot_see_user_a_clients" time="0.303" /><testcase classname="backend.tests.test_faktur_api" name="test_user_b_cannot_access_user_a_invoice" time="0.337" /><testcase classname="backend.tests.test_faktur_api" name="test_no_objectid_leakage_in_any_response" time="0.419" /></testsuite></testsuites>